D:\MYSRC\C++内存查看工具\MEMORYVIEW\DEBUG\MEMORYVIEW.EXE
D:\MYSRC\C++内存查看工具\MEMORYVIEW\DEBUG\MEMORYVIEW.ILK
D:\MYSRC\C++内存查看工具\MEMORYVIEW\DEBUG\MEMORYVIEW.PDB
D:\MySrc\c++内存查看工具\MemoryView\MemoryView\Debug\cl.command.1.tlog
D:\MySrc\c++内存查看工具\MemoryView\MemoryView\Debug\CL.read.1.tlog
D:\MySrc\c++内存查看工具\MemoryView\MemoryView\Debug\CL.write.1.tlog
D:\MySrc\c++内存查看工具\MemoryView\MemoryView\Debug\link.38516.read.1.tlog
D:\MySrc\c++内存查看工具\MemoryView\MemoryView\Debug\link.38516.write.1.tlog
D:\MySrc\c++内存查看工具\MemoryView\MemoryView\Debug\link.38516-cvtres.read.1.tlog
D:\MySrc\c++内存查看工具\MemoryView\MemoryView\Debug\link.38516-cvtres.write.1.tlog
D:\MySrc\c++内存查看工具\MemoryView\MemoryView\Debug\link.55344.read.1.tlog
D:\MySrc\c++内存查看工具\MemoryView\MemoryView\Debug\link.55344.write.1.tlog
D:\MySrc\c++内存查看工具\MemoryView\MemoryView\Debug\link.6216.read.1.tlog
D:\MySrc\c++内存查看工具\MemoryView\MemoryView\Debug\link.6216.write.1.tlog
D:\MySrc\c++内存查看工具\MemoryView\MemoryView\Debug\link.6216-cvtres.read.1.tlog
D:\MySrc\c++内存查看工具\MemoryView\MemoryView\Debug\link.6216-cvtres.write.1.tlog
D:\MySrc\c++内存查看工具\MemoryView\MemoryView\Debug\link.command.1.tlog
D:\MySrc\c++内存查看工具\MemoryView\MemoryView\Debug\link.read.1.tlog
D:\MySrc\c++内存查看工具\MemoryView\MemoryView\Debug\link.write.1.tlog
D:\MySrc\c++内存查看工具\MemoryView\MemoryView\Debug\link-cvtres.read.1.tlog
D:\MySrc\c++内存查看工具\MemoryView\MemoryView\Debug\link-cvtres.write.1.tlog
D:\MYSRC\C++内存查看工具\MEMORYVIEW\MEMORYVIEW\DEBUG\MEMORYVIEW.EXE.EMBED.MANIFEST
D:\MYSRC\C++内存查看工具\MEMORYVIEW\MEMORYVIEW\DEBUG\MEMORYVIEW.EXE.EMBED.MANIFEST.RES
D:\MYSRC\C++内存查看工具\MEMORYVIEW\MEMORYVIEW\DEBUG\MEMORYVIEW.EXE.INTERMEDIATE.MANIFEST
D:\MYSRC\C++内存查看工具\MEMORYVIEW\MEMORYVIEW\DEBUG\MEMORYVIEW.OBJ
D:\MYSRC\C++内存查看工具\MEMORYVIEW\MEMORYVIEW\DEBUG\MEMORYVIEW.PCH
D:\MYSRC\C++内存查看工具\MEMORYVIEW\MEMORYVIEW\DEBUG\MEMORYVIEW.RES
D:\MySrc\c++内存查看工具\MemoryView\MemoryView\Debug\MemoryView_manifest.rc
D:\MYSRC\C++内存查看工具\MEMORYVIEW\MEMORYVIEW\DEBUG\MEMORYVIEWDLG.OBJ
D:\MySrc\c++内存查看工具\MemoryView\MemoryView\Debug\mt.command.1.tlog
D:\MySrc\c++内存查看工具\MemoryView\MemoryView\Debug\mt.read.1.tlog
D:\MySrc\c++内存查看工具\MemoryView\MemoryView\Debug\mt.write.1.tlog
D:\MySrc\c++内存查看工具\MemoryView\MemoryView\Debug\rc.command.1.tlog
D:\MySrc\c++内存查看工具\MemoryView\MemoryView\Debug\rc.read.1.tlog
D:\MySrc\c++内存查看工具\MemoryView\MemoryView\Debug\rc.write.1.tlog
D:\MYSRC\C++内存查看工具\MEMORYVIEW\MEMORYVIEW\DEBUG\STDAFX.OBJ
D:\MySrc\c++内存查看工具\MemoryView\MemoryView\Debug\vc100.idb
D:\MYSRC\C++内存查看工具\MEMORYVIEW\MEMORYVIEW\DEBUG\VC100.PDB
